#
# There is insufficient memory for the Java Runtime Environment to continue.
# Native memory allocation (malloc) failed to allocate 1048576 bytes for AllocateHeap
# Possible reasons:
#   The system is out of physical RAM or swap space
#   The process is running with CompressedOops enabled, and the Java Heap may be blocking the growth of the native heap
# Possible solutions:
#   Reduce memory load on the system
#   Increase physical memory or swap space
#   Check if swap backing store is full
#   Decrease Java heap size (-Xmx/-Xms)
#   Decrease number of Java threads
#   Decrease Java thread stack sizes (-Xss)
#   Set larger code cache with -XX:ReservedCodeCacheSize=
#   JVM is running with Unscaled Compressed Oops mode in which the Java heap is
#     placed in the first 4GB address space. The Java Heap base address is the
#     maximum limit for the native heap growth. Please use -XX:HeapBaseMinAddress
#     to set the Java Heap base and to place the Java Heap above 4GB virtual address.
# This output file may be truncated or incomplete.
#
#  Out of Memory Error (memory/allocation.inline.hpp:61), pid=5504, tid=0x0000000000003534
#
# JRE version:  (8.0_231-b11) (build )
# Java VM: Java HotSpot(TM) 64-Bit Server VM (25.231-b11 mixed mode windows-amd64 compressed oops)
# Failed to write core dump. Minidumps are not enabled by default on client versions of Windows
#

---------------  T H R E A D  ---------------

Current thread (0x00000000023a3800):  JavaThread "Unknown thread" [_thread_in_vm, id=13620, stack(0x0000000002250000,0x0000000002350000)]

Stack: [0x0000000002250000,0x0000000002350000]
[error occurred during error reporting (printing stack bounds), id 0xc0000005]

Native frames: (J=compiled Java code, j=interpreted, Vv=VM code, C=native code)


---------------  P R O C E S S  ---------------

Java Threads: ( => current thread )

Other Threads:

=>0x00000000023a3800 (exited) JavaThread "Unknown thread" [_thread_in_vm, id=13620, stack(0x0000000002250000,0x0000000002350000)]

VM state:not at safepoint (normal execution)

VM Mutex/Monitor currently owned by a thread: None

heap address: 0x00000000c1c00000, size: 996 MB, Compressed Oops mode: 32-bit
Narrow klass base: 0x0000000000000000, Narrow klass shift: 3
Compressed class space size: 1073741824 Address: 0x0000000100000000

Heap:
 PSYoungGen      total 18944K, used 327K [0x00000000eb400000, 0x00000000ec900000, 0x0000000100000000)
  eden space 16384K, 2% used [0x00000000eb400000,0x00000000eb451ec8,0x00000000ec400000)
  from space 2560K, 0% used [0x00000000ec680000,0x00000000ec680000,0x00000000ec900000)
  to   space 2560K, 0% used [0x00000000ec400000,0x00000000ec400000,0x00000000ec680000)
 ParOldGen       total 44032K, used 0K [0x00000000c1c00000, 0x00000000c4700000, 0x00000000eb400000)
  object space 44032K, 0% used [0x00000000c1c00000,0x00000000c1c00000,0x00000000c4700000)
 Metaspace       used 752K, capacity 4480K, committed 4480K, reserved 1056768K
  class space    used 76K, capacity 384K, committed 384K, reserved 1048576K

Card table byte_map: [0x00000000118d0000,0x0000000011ad0000] byte_map_base: 0x00000000112c2000

Marking Bits: (ParMarkBitMap*) 0x0000000074266d90
 Begin Bits: [0x0000000012020000, 0x0000000012fb0000)
 End Bits:   [0x0000000012fb0000, 0x0000000013f40000)

Polling page: 0x00000000001f0000

CodeCache: size=245760Kb used=328Kb max_used=328Kb free=245431Kb
 bounds [0x0000000002510000, 0x0000000002780000, 0x0000000011510000]
 total_blobs=58 nmethods=0 adapters=38
 compilation: enabled

Compilation events (0 events):
No events

GC Heap History (0 events):
No events

Deoptimization events (0 events):
No events

Classes redefined (0 events):
No events

Internal exceptions (0 events):
No events

Events (10 events):
Event: 0.072 loading class java/lang/Short
Event: 0.073 loading class java/lang/Short done
Event: 0.073 loading class java/lang/Integer
Event: 0.073 loading class java/lang/Integer done
Event: 0.073 loading class java/lang/Long
Event: 0.073 loading class java/lang/Long done
Event: 0.074 loading class java/lang/NullPointerException
Event: 0.074 loading class java/lang/NullPointerException done
Event: 0.074 loading class java/lang/ArithmeticException
Event: 0.074 loading class java/lang/ArithmeticException done


Dynamic libraries:
0x00007ff6bacc0000 - 0x00007ff6bacf7000 	C:\Program Files\Java\jre1.8.0_231\bin\javaw.exe
0x00007ffe00b20000 - 0x00007ffe00d10000 	C:\WINDOWS\SYSTEM32\ntdll.dll
0x00007ffdff600000 - 0x00007ffdff6b2000 	C:\WINDOWS\System32\KERNEL32.DLL
0x00007ffdfe920000 - 0x00007ffdfebc4000 	C:\WINDOWS\System32\KERNELBASE.dll
0x00007ffe00810000 - 0x00007ffe008b3000 	C:\WINDOWS\System32\ADVAPI32.dll
0x00007ffe00360000 - 0x00007ffe003fe000 	C:\WINDOWS\System32\msvcrt.dll
0x00007ffdff3c0000 - 0x00007ffdff457000 	C:\WINDOWS\System32\sechost.dll
0x00007ffe00070000 - 0x00007ffe00190000 	C:\WINDOWS\System32\RPCRT4.dll
0x00007ffe008c0000 - 0x00007ffe00a54000 	C:\WINDOWS\System32\USER32.dll
0x00007ffdfdb80000 - 0x00007ffdfdba1000 	C:\WINDOWS\System32\win32u.dll
0x00007ffdffbe0000 - 0x00007ffdffc06000 	C:\WINDOWS\System32\GDI32.dll
0x00007ffdfdce0000 - 0x00007ffdfde75000 	C:\WINDOWS\System32\gdi32full.dll
0x00007ffdfe6b0000 - 0x00007ffdfe74e000 	C:\WINDOWS\System32\msvcp_win.dll
0x00007ffdfdbb0000 - 0x00007ffdfdcaa000 	C:\WINDOWS\System32\ucrtbase.dll
0x00007ffdf0730000 - 0x00007ffdf09b4000 	C:\WINDOWS\WinSxS\amd64_microsoft.windows.common-controls_6595b64144ccf1df_6.0.18362.900_none_e6beb9d913147d17\COMCTL32.dll
0x00007ffe00400000 - 0x00007ffe00735000 	C:\WINDOWS\System32\combase.dll
0x00007ffdfdb00000 - 0x00007ffdfdb80000 	C:\WINDOWS\System32\bcryptPrimitives.dll
0x00007ffdff390000 - 0x00007ffdff3be000 	C:\WINDOWS\System32\IMM32.DLL
0x0000000073580000 - 0x0000000073652000 	C:\Program Files\Java\jre1.8.0_231\bin\msvcr100.dll
0x0000000073a40000 - 0x00000000742e6000 	C:\Program Files\Java\jre1.8.0_231\bin\server\jvm.dll
0x00007ffdffe00000 - 0x00007ffdffe08000 	C:\WINDOWS\System32\PSAPI.DLL
0x00007ffdf09c0000 - 0x00007ffdf09ca000 	C:\WINDOWS\SYSTEM32\VERSION.dll
0x00007ffdfa2b0000 - 0x00007ffdfa2b9000 	C:\WINDOWS\SYSTEM32\WSOCK32.dll
0x00007ffdfb4f0000 - 0x00007ffdfb514000 	C:\WINDOWS\SYSTEM32\WINMM.dll
0x00007ffe002f0000 - 0x00007ffe0035f000 	C:\WINDOWS\System32\WS2_32.dll
0x00007ffdfb4c0000 - 0x00007ffdfb4ed000 	C:\WINDOWS\SYSTEM32\winmmbase.dll
0x00007ffdfdab0000 - 0x00007ffdfdafa000 	C:\WINDOWS\System32\cfgmgr32.dll
0x00007ffdfa2a0000 - 0x00007ffdfa2af000 	C:\Program Files\Java\jre1.8.0_231\bin\verify.dll
0x00007ffdfa250000 - 0x00007ffdfa279000 	C:\Program Files\Java\jre1.8.0_231\bin\java.dll
0x00007ffdfa280000 - 0x00007ffdfa296000 	C:\Program Files\Java\jre1.8.0_231\bin\zip.dll

VM Arguments:
jvm_args: -ea -Dfile.encoding=Cp1252 
java_command: org.testng.remote.RemoteTestNG -serport 57869 -protocol json -d C:\Users\Charu Gupta\Desktop\ANJNA\WorkSpace_MMTFrameWork\MakeMyTrip\test-output C:\Users\Charu Gupta\Desktop\ANJNA\WorkSpace_MMTFrameWork\MakeMyTrip\testng.xml
java_class_path (initial): C:\Users\Charu Gupta\eclipse\java-2019-12\eclipse\configuration\org.eclipse.osgi\490\0\.cp\lib\testng-remote.jar;C:\Users\Charu Gupta\.p2\pool\plugins\org.testng_7.2.0.r202003151902.jar;C:\Users\Charu Gupta\.p2\pool\plugins\com.beust.jcommander_1.72.0.jar;C:\Users\Charu Gupta\.p2\pool\plugins\org.apache-extras.beanshell.bsh_2.0.0.b6.jar;C:\Users\Charu Gupta\.p2\pool\plugins\org.yaml.snakeyaml_1.21.0.jar;C:\Users\Charu Gupta\Desktop\ANJNA\WorkSpace_MMTFrameWork\MakeMyTrip\target\test-classes;C:\Users\Charu Gupta\Desktop\ANJNA\WorkSpace_MMTFrameWork\MakeMyTrip\target\classes;C:\Users\Charu Gupta\.m2\repository\org\seleniumhq\selenium\selenium-java\3.141.59\selenium-java-3.141.59.jar;C:\Users\Charu Gupta\.m2\repository\org\seleniumhq\selenium\selenium-api\3.141.59\selenium-api-3.141.59.jar;C:\Users\Charu Gupta\.m2\repository\org\seleniumhq\selenium\selenium-chrome-driver\3.141.59\selenium-chrome-driver-3.141.59.jar;C:\Users\Charu Gupta\.m2\repository\org\seleniumhq\selenium\selenium-edge-driver\3.141.59\selenium-edge-driver-3.141.59.jar;C:\Users\Charu Gupta\.m2\repository\org\seleniumhq\selenium\selenium-firefox-driver\3.141.59\selenium-firefox-driver-3.141.59.jar;C:\Users\Charu Gupta\.m2\repository\org\seleniumhq\selenium\selenium-ie-driver\3.141.59\selenium-ie-driver-3.141.59.jar;C:\Users\Charu Gupta\.m2\repository\org\seleniumhq\selenium\selenium-opera-driver\3.141.59\selenium-opera-driver-3.141.59.jar;C:\Users\Charu Gupta\.m2\repository\org\seleniumhq\selenium\selenium-remote-driver\3.141.59\selenium-remote-driver-3.141.59.jar;C:\Users\Charu Gupta\.m2\repository\org\seleniumhq\selenium\selenium-safari-driver\3.141.59\selenium-safari-driver-3.141.59.jar;C:\Users\Charu Gupta\.m2\repository\org\seleniumhq\selenium\selenium-support\3.141.59\selenium-support-3.141.59.jar;C:\Users\Charu Gupta\.m2\repository\net\bytebuddy\byte-buddy\1.8.15\byte-buddy-1.8.15.jar;C:\Users\Charu Gupta\.m2\repository\org\apache\commons\commons-exec\1.3\commons-exe
Launcher Type: SUN_STANDARD

Environment Variables:
JAVA_HOME=C:\Program Files\Java\jdk1.8.0_211
PATH=C:/Program Files/Java/jre1.8.0_231/bin/server;C:/Program Files/Java/jre1.8.0_231/bin;C:/Program Files/Java/jre1.8.0_231/lib/amd64;C:\Program Files (x86)\Common Files\Oracle\Java\javapath;C:\Program Files\Java\jdk1.8.0_211\bin;C:\ProgramData\Oracle\Java\javapath;C:\Users\Charu Gupta\Desktop\Android-sdk\platform-tools;c:\Program Files (x86)\Intel\iCLS Client\;c:\Program Files\Intel\iCLS Client\;C:\WINDOWS\system32;C:\WINDOWS;C:\WINDOWS\System32\Wbem;C:\WINDOWS\System32\WindowsPowerShell\v1.0\;C:\Program Files\Intel\Intel(R) Management Engine Components\DAL;C:\Program Files\Intel\Intel(R) Management Engine Components\IPT;C:\Program Files (x86)\Intel\Intel(R) Management Engine Components\DAL;C:\Program Files (x86)\Intel\Intel(R) Management Engine Components\IPT;C:\Program Files (x86)\Windows Live\Shared;C:\WINDOWS\System32\OpenSSH\;C:\Program Files\nodejs\;C:\apache-maven-3.6.3\bin;C:\Users\Charu Gupta\AppData\Local\Microsoft\WindowsApps;C:\Users\Charu Gupta\AppData\Roaming\npm;;C:\WINDOWS\system32;
USERNAME=Charu Gupta
OS=Windows_NT
PROCESSOR_IDENTIFIER=Intel64 Family 6 Model 58 Stepping 9, GenuineIntel



---------------  S Y S T E M  ---------------

OS: Windows 10.0 , 64 bit Build 18362 (10.0.18362.900)

CPU:total 4 (initial active 4) (2 cores per cpu, 2 threads per core) family 6 model 58 stepping 9, cmov, cx8, fxsr, mmx, sse, sse2, sse3, ssse3, sse4.1, sse4.2, popcnt, avx, clmul, erms, ht, tsc, tscinvbit, tscinv

Memory: 4k page, physical 4072728k(466952k free), swap 6169880k(5532k free)

vm_info: Java HotSpot(TM) 64-Bit Server VM (25.231-b11) for windows-amd64 JRE (1.8.0_231-b11), built on Oct  5 2019 03:11:30 by "java_re" with MS VC++ 10.0 (VS2010)

time: Tue Jun 30 13:01:17 2020
timezone: India Standard Time
elapsed time: 0 seconds (0d 0h 0m 0s)

